0 info it worked if it ends with ok
1 verbose cli [ '/home/longj/.nvm/versions/node/v6.3.1/bin/node',
1 verbose cli   '/home/longj/.nvm/versions/node/v6.3.1/bin/npm',
1 verbose cli   'start' ]
2 info using npm@3.10.3
3 info using node@v6.3.1
4 verbose run-script [ 'prestart', 'start', 'poststart' ]
5 info lifecycle signin@0.0.0~prestart: signin@0.0.0
6 silly lifecycle signin@0.0.0~prestart: no script for prestart, continuing
7 info lifecycle signin@0.0.0~start: signin@0.0.0
8 verbose lifecycle signin@0.0.0~start: unsafe-perm in lifecycle true
9 verbose lifecycle signin@0.0.0~start: PATH: /home/longj/.nvm/versions/node/v6.3.1/lib/node_modules/npm/bin/node-gyp-bin:/home/longj/Modern_Web_Programming/signin/node_modules/.bin:/home/longj/.nvm/versions/node/v6.3.1/bin:/usr/java/jre1.8.0_91/bin:/home/longj/.nvm/versions/node/v6.3.1/bin:/home/longj/mongodb-linux-x86_64-ubuntu1604-3.4.0/bin:/usr/lib/jvm/java-8-openjdk-amd64/bin:/usr/local/android-studio/bin:/home/longj/Downloads/zip_tar_reasourse/oclint-0.10.3/bin:/usr/java/jre1.8.0_91/bin:/usr/local/sbin:/usr/local/bin:/usr/sbin:/usr/bin:/sbin:/bin:/usr/games:/usr/local/games:/snap/bin:/home/longj/Android/Sdk/platform-tools:/home/longj/Android/Sdk/tools:/snap/bin:/home/longj/Android/Sdk/platform-tools:/home/longj/Android/Sdk/tools
10 verbose lifecycle signin@0.0.0~start: CWD: /home/longj/Modern_Web_Programming/signin
11 silly lifecycle signin@0.0.0~start: Args: [ '-c', 'export PORT=8000 && node ./bin/www' ]
12 silly lifecycle signin@0.0.0~start: Returned: code: 1  signal: null
13 info lifecycle signin@0.0.0~start: Failed to exec start script
14 verbose stack Error: signin@0.0.0 start: `export PORT=8000 && node ./bin/www`
14 verbose stack Exit status 1
14 verbose stack     at EventEmitter.<anonymous> (/home/longj/.nvm/versions/node/v6.3.1/lib/node_modules/npm/lib/utils/lifecycle.js:242:16)
14 verbose stack     at emitTwo (events.js:106:13)
14 verbose stack     at EventEmitter.emit (events.js:191:7)
14 verbose stack     at ChildProcess.<anonymous> (/home/longj/.nvm/versions/node/v6.3.1/lib/node_modules/npm/lib/utils/spawn.js:40:14)
14 verbose stack     at emitTwo (events.js:106:13)
14 verbose stack     at ChildProcess.emit (events.js:191:7)
14 verbose stack     at maybeClose (internal/child_process.js:852:16)
14 verbose stack     at Process.ChildProcess._handle.onexit (internal/child_process.js:215:5)
15 verbose pkgid signin@0.0.0
16 verbose cwd /home/longj/Modern_Web_Programming/signin/routes
17 error Linux 4.4.0-28-generic
18 error argv "/home/longj/.nvm/versions/node/v6.3.1/bin/node" "/home/longj/.nvm/versions/node/v6.3.1/bin/npm" "start"
19 error node v6.3.1
20 error npm  v3.10.3
21 error code ELIFECYCLE
22 error signin@0.0.0 start: `export PORT=8000 && node ./bin/www`
22 error Exit status 1
23 error Failed at the signin@0.0.0 start script 'export PORT=8000 && node ./bin/www'.
23 error Make sure you have the latest version of node.js and npm installed.
23 error If you do, this is most likely a problem with the signin package,
23 error not with npm itself.
23 error Tell the author that this fails on your system:
23 error     export PORT=8000 && node ./bin/www
23 error You can get information on how to open an issue for this project with:
23 error     npm bugs signin
23 error Or if that isn't available, you can get their info via:
23 error     npm owner ls signin
23 error There is likely additional logging output above.
24 verbose exit [ 1, true ]
